{"/Users/benkulka/source/force-majeure-webapp/src/shared/auth/permissions.ts": {"path":"/Users/benkulka/source/force-majeure-webapp/src/shared/auth/permissions.ts","statementMap":{"0":{"start":{"line":5,"column":27},"end":{"line":23,"column":null}},"1":{"start":{"line":31,"column":21},"end":{"line":37,"column":null}},"2":{"start":{"line":48,"column":60},"end":{"line":63,"column":null}}},"fnMap":{},"branchMap":{},"s":{"0":1,"1":1,"2":1},"f":{},"b":{},"meta":{"lastBranch":0,"lastFunction":0,"lastStatement":3,"seen":{"s:5:27:23:Infinity":0,"s:31:21:37:Infinity":1,"s:48:60:63:Infinity":2}}}
,"/Users/benkulka/source/force-majeure-webapp/src/shared/constants/designSystem.ts": {"path":"/Users/benkulka/source/force-majeure-webapp/src/shared/constants/designSystem.ts","statementMap":{"0":{"start":{"line":16,"column":22},"end":{"line":28,"column":null}},"1":{"start":{"line":34,"column":29},"end":{"line":62,"column":null}},"2":{"start":{"line":70,"column":23},"end":{"line":76,"column":null}},"3":{"start":{"line":81,"column":30},"end":{"line":87,"column":null}},"4":{"start":{"line":92,"column":31},"end":{"line":113,"column":null}},"5":{"start":{"line":120,"column":26},"end":{"line":135,"column":null}},"6":{"start":{"line":140,"column":26},"end":{"line":154,"column":null}},"7":{"start":{"line":162,"column":21},"end":{"line":187,"column":null}},"8":{"start":{"line":194,"column":29},"end":{"line":201,"column":null}},"9":{"start":{"line":206,"column":31},"end":{"line":217,"column":null}},"10":{"start":{"line":222,"column":22},"end":{"line":230,"column":null}},"11":{"start":{"line":238,"column":34},"end":{"line":245,"column":null}},"12":{"start":{"line":250,"column":28},"end":{"line":255,"column":null}},"13":{"start":{"line":262,"column":28},"end":{"line":293,"column":null}},"14":{"start":{"line":300,"column":28},"end":{"line":313,"column":null}},"15":{"start":{"line":321,"column":32},"end":{"line":355,"column":null}},"16":{"start":{"line":360,"column":20},"end":{"line":369,"column":null}}},"fnMap":{},"branchMap":{},"s":{"0":1,"1":1,"2":1,"3":1,"4":1,"5":1,"6":1,"7":1,"8":1,"9":1,"10":1,"11":1,"12":1,"13":1,"14":1,"15":1,"16":1},"f":{},"b":{},"meta":{"lastBranch":0,"lastFunction":0,"lastStatement":17,"seen":{"s:16:22:28:Infinity":0,"s:34:29:62:Infinity":1,"s:70:23:76:Infinity":2,"s:81:30:87:Infinity":3,"s:92:31:113:Infinity":4,"s:120:26:135:Infinity":5,"s:140:26:154:Infinity":6,"s:162:21:187:Infinity":7,"s:194:29:201:Infinity":8,"s:206:31:217:Infinity":9,"s:222:22:230:Infinity":10,"s:238:34:245:Infinity":11,"s:250:28:255:Infinity":12,"s:262:28:293:Infinity":13,"s:300:28:313:Infinity":14,"s:321:32:355:Infinity":15,"s:360:20:369:Infinity":16}}}
,"/Users/benkulka/source/force-majeure-webapp/src/shared/hooks/useDebounce.ts": {"path":"/Users/benkulka/source/force-majeure-webapp/src/shared/hooks/useDebounce.ts","statementMap":{"0":{"start":{"line":10,"column":43},"end":{"line":10,"column":null}},"1":{"start":{"line":12,"column":2},"end":{"line":22,"column":null}},"2":{"start":{"line":14,"column":20},"end":{"line":16,"column":null}},"3":{"start":{"line":15,"column":6},"end":{"line":15,"column":null}},"4":{"start":{"line":19,"column":4},"end":{"line":21,"column":null}},"5":{"start":{"line":20,"column":6},"end":{"line":20,"column":null}},"6":{"start":{"line":24,"column":2},"end":{"line":24,"column":null}}},"fnMap":{"0":{"name":"useDebounce","decl":{"start":{"line":9,"column":16},"end":{"line":9,"column":31}},"loc":{"start":{"line":9,"column":60},"end":{"line":25,"column":null}},"line":9},"1":{"name":"(anonymous_1)","decl":{"start":{"line":12,"column":12},"end":{"line":12,"column":null}},"loc":{"start":{"line":12,"column":12},"end":{"line":22,"column":5}},"line":12},"2":{"name":"(anonymous_2)","decl":{"start":{"line":14,"column":31},"end":{"line":14,"column":null}},"loc":{"start":{"line":14,"column":31},"end":{"line":16,"column":7}},"line":14},"3":{"name":"(anonymous_3)","decl":{"start":{"line":19,"column":11},"end":{"line":19,"column":null}},"loc":{"start":{"line":19,"column":11},"end":{"line":21,"column":null}},"line":19}},"branchMap":{"0":{"loc":{"start":{"line":9,"column":41},"end":{"line":9,"column":60}},"type":"default-arg","locations":[{"start":{"line":9,"column":57},"end":{"line":9,"column":60}}],"line":9}},"s":{"0":33,"1":33,"2":23,"3":10,"4":23,"5":23,"6":33},"f":{"0":33,"1":23,"2":10,"3":23},"b":{"0":[33]},"meta":{"lastBranch":1,"lastFunction":4,"lastStatement":7,"seen":{"f:9:16:9:31":0,"b:9:57:9:60":0,"s:10:43:10:Infinity":0,"s:12:2:22:Infinity":1,"f:12:12:12:Infinity":1,"s:14:20:16:Infinity":2,"f:14:31:14:Infinity":2,"s:15:6:15:Infinity":3,"s:19:4:21:Infinity":4,"f:19:11:19:Infinity":3,"s:20:6:20:Infinity":5,"s:24:2:24:Infinity":6}}}
,"/Users/benkulka/source/force-majeure-webapp/src/shared/services/logger.ts": {"path":"/Users/benkulka/source/force-majeure-webapp/src/shared/services/logger.ts","statementMap":{"0":{"start":{"line":46,"column":4},"end":{"line":46,"column":null}},"1":{"start":{"line":54,"column":4},"end":{"line":54,"column":null}},"2":{"start":{"line":61,"column":4},"end":{"line":63,"column":null}},"3":{"start":{"line":62,"column":6},"end":{"line":62,"column":null}},"4":{"start":{"line":70,"column":4},"end":{"line":72,"column":null}},"5":{"start":{"line":71,"column":6},"end":{"line":71,"column":null}},"6":{"start":{"line":79,"column":4},"end":{"line":81,"column":null}},"7":{"start":{"line":80,"column":6},"end":{"line":80,"column":null}},"8":{"start":{"line":89,"column":4},"end":{"line":89,"column":null}},"9":{"start":{"line":103,"column":4},"end":{"line":105,"column":null}},"10":{"start":{"line":104,"column":6},"end":{"line":104,"column":null}},"11":{"start":{"line":107,"column":22},"end":{"line":107,"column":null}},"12":{"start":{"line":108,"column":19},"end":{"line":108,"column":null}},"13":{"start":{"line":109,"column":18},"end":{"line":109,"column":null}},"14":{"start":{"line":112,"column":23},"end":{"line":112,"column":63}},"15":{"start":{"line":115,"column":26},"end":{"line":115,"column":null}},"16":{"start":{"line":118,"column":4},"end":{"line":129,"column":null}},"17":{"start":{"line":119,"column":6},"end":{"line":119,"column":null}},"18":{"start":{"line":120,"column":6},"end":{"line":122,"column":null}},"19":{"start":{"line":121,"column":8},"end":{"line":121,"column":null}},"20":{"start":{"line":125,"column":6},"end":{"line":125,"column":null}},"21":{"start":{"line":126,"column":6},"end":{"line":128,"column":null}},"22":{"start":{"line":127,"column":8},"end":{"line":127,"column":null}},"23":{"start":{"line":136,"column":4},"end":{"line":147,"column":null}},"24":{"start":{"line":138,"column":8},"end":{"line":138,"column":null}},"25":{"start":{"line":140,"column":8},"end":{"line":140,"column":null}},"26":{"start":{"line":142,"column":8},"end":{"line":142,"column":null}},"27":{"start":{"line":144,"column":8},"end":{"line":144,"column":null}},"28":{"start":{"line":146,"column":8},"end":{"line":146,"column":null}},"29":{"start":{"line":154,"column":4},"end":{"line":163,"column":null}},"30":{"start":{"line":156,"column":8},"end":{"line":156,"column":null}},"31":{"start":{"line":158,"column":8},"end":{"line":158,"column":null}},"32":{"start":{"line":162,"column":8},"end":{"line":162,"column":null}},"33":{"start":{"line":33,"column":2},"end":{"line":33,"column":10}},"34":{"start":{"line":34,"column":2},"end":{"line":34,"column":10}},"35":{"start":{"line":37,"column":4},"end":{"line":37,"column":null}},"36":{"start":{"line":38,"column":4},"end":{"line":38,"column":null}},"37":{"start":{"line":168,"column":22},"end":{"line":168,"column":null}}},"fnMap":{"0":{"name":"(anonymous_0)","decl":{"start":{"line":45,"column":2},"end":{"line":45,"column":18}},"loc":{"start":{"line":45,"column":40},"end":{"line":47,"column":null}},"line":45},"1":{"name":"(anonymous_1)","decl":{"start":{"line":53,"column":2},"end":{"line":53,"column":5}},"loc":{"start":{"line":53,"column":27},"end":{"line":55,"column":null}},"line":53},"2":{"name":"(anonymous_2)","decl":{"start":{"line":60,"column":2},"end":{"line":60,"column":8}},"loc":{"start":{"line":60,"column":53},"end":{"line":64,"column":null}},"line":60},"3":{"name":"(anonymous_3)","decl":{"start":{"line":69,"column":2},"end":{"line":69,"column":7}},"loc":{"start":{"line":69,"column":52},"end":{"line":73,"column":null}},"line":69},"4":{"name":"(anonymous_4)","decl":{"start":{"line":78,"column":2},"end":{"line":78,"column":7}},"loc":{"start":{"line":78,"column":52},"end":{"line":82,"column":null}},"line":78},"5":{"name":"(anonymous_5)","decl":{"start":{"line":87,"column":2},"end":{"line":87,"column":8}},"loc":{"start":{"line":87,"column":53},"end":{"line":90,"column":null}},"line":87},"6":{"name":"(anonymous_6)","decl":{"start":{"line":95,"column":2},"end":{"line":95,"column":10}},"loc":{"start":{"line":101,"column":10},"end":{"line":130,"column":null}},"line":101},"7":{"name":"(anonymous_7)","decl":{"start":{"line":135,"column":2},"end":{"line":135,"column":10}},"loc":{"start":{"line":135,"column":49},"end":{"line":148,"column":null}},"line":135},"8":{"name":"(anonymous_8)","decl":{"start":{"line":153,"column":2},"end":{"line":153,"column":10}},"loc":{"start":{"line":153,"column":64},"end":{"line":164,"column":null}},"line":153},"9":{"name":"(anonymous_9)","decl":{"start":{"line":36,"column":2},"end":{"line":36,"column":14}},"loc":{"start":{"line":36,"column":34},"end":{"line":39,"column":null}},"line":36}},"branchMap":{"0":{"loc":{"start":{"line":61,"column":4},"end":{"line":63,"column":null}},"type":"if","locations":[{"start":{"line":61,"column":4},"end":{"line":63,"column":null}},{"start":{},"end":{}}],"line":61},"1":{"loc":{"start":{"line":70,"column":4},"end":{"line":72,"column":null}},"type":"if","locations":[{"start":{"line":70,"column":4},"end":{"line":72,"column":null}},{"start":{},"end":{}}],"line":70},"2":{"loc":{"start":{"line":79,"column":4},"end":{"line":81,"column":null}},"type":"if","locations":[{"start":{"line":79,"column":4},"end":{"line":81,"column":null}},{"start":{},"end":{}}],"line":79},"3":{"loc":{"start":{"line":100,"column":4},"end":{"line":100,"column":null}},"type":"default-arg","locations":[{"start":{"line":100,"column":15},"end":{"line":100,"column":null}}],"line":100},"4":{"loc":{"start":{"line":103,"column":4},"end":{"line":105,"column":null}},"type":"if","locations":[{"start":{"line":103,"column":4},"end":{"line":105,"column":null}},{"start":{},"end":{}}],"line":103},"5":{"loc":{"start":{"line":103,"column":8},"end":{"line":103,"column":42}},"type":"binary-expr","locations":[{"start":{"line":103,"column":8},"end":{"line":103,"column":27}},{"start":{"line":103,"column":31},"end":{"line":103,"column":42}}],"line":103},"6":{"loc":{"start":{"line":108,"column":19},"end":{"line":108,"column":null}},"type":"cond-expr","locations":[{"start":{"line":108,"column":36},"end":{"line":108,"column":57}},{"start":{"line":108,"column":60},"end":{"line":108,"column":null}}],"line":108},"7":{"loc":{"start":{"line":118,"column":4},"end":{"line":129,"column":null}},"type":"if","locations":[{"start":{"line":118,"column":4},"end":{"line":129,"column":null}},{"start":{"line":123,"column":11},"end":{"line":129,"column":null}}],"line":118},"8":{"loc":{"start":{"line":118,"column":8},"end":{"line":118,"column":37}},"type":"binary-expr","locations":[{"start":{"line":118,"column":8},"end":{"line":118,"column":26}},{"start":{"line":118,"column":30},"end":{"line":118,"column":37}}],"line":118},"9":{"loc":{"start":{"line":120,"column":6},"end":{"line":122,"column":null}},"type":"if","locations":[{"start":{"line":120,"column":6},"end":{"line":122,"column":null}},{"start":{},"end":{}}],"line":120},"10":{"loc":{"start":{"line":126,"column":6},"end":{"line":128,"column":null}},"type":"if","locations":[{"start":{"line":126,"column":6},"end":{"line":128,"column":null}},{"start":{},"end":{}}],"line":126},"11":{"loc":{"start":{"line":136,"column":4},"end":{"line":147,"column":null}},"type":"switch","locations":[{"start":{"line":137,"column":6},"end":{"line":138,"column":null}},{"start":{"line":139,"column":6},"end":{"line":140,"column":null}},{"start":{"line":141,"column":6},"end":{"line":142,"column":null}},{"start":{"line":143,"column":6},"end":{"line":144,"column":null}},{"start":{"line":145,"column":6},"end":{"line":146,"column":null}}],"line":136},"12":{"loc":{"start":{"line":154,"column":4},"end":{"line":163,"column":null}},"type":"switch","locations":[{"start":{"line":155,"column":6},"end":{"line":156,"column":null}},{"start":{"line":157,"column":6},"end":{"line":158,"column":null}},{"start":{"line":159,"column":6},"end":{"line":159,"column":null}},{"start":{"line":160,"column":6},"end":{"line":160,"column":null}},{"start":{"line":161,"column":6},"end":{"line":162,"column":null}}],"line":154}},"s":{"0":2,"1":1,"2":6,"3":5,"4":14,"5":13,"6":5,"7":4,"8":7,"9":29,"10":0,"11":29,"12":29,"13":29,"14":29,"15":29,"16":29,"17":26,"18":26,"19":3,"20":3,"21":3,"22":1,"23":29,"24":5,"25":13,"26":4,"27":7,"28":0,"29":29,"30":7,"31":4,"32":18,"33":34,"34":34,"35":34,"36":34,"37":1},"f":{"0":2,"1":1,"2":6,"3":14,"4":5,"5":7,"6":29,"7":29,"8":29,"9":34},"b":{"0":[5,1],"1":[13,1],"2":[4,1],"3":[29],"4":[0,29],"5":[29,3],"6":[3,26],"7":[26,3],"8":[29,26],"9":[3,23],"10":[1,2],"11":[5,13,4,7,0],"12":[7,4,13,18,18]},"meta":{"lastBranch":13,"lastFunction":10,"lastStatement":38,"seen":{"f:45:2:45:18":0,"s:46:4:46:Infinity":0,"f:53:2:53:5":1,"s:54:4:54:Infinity":1,"f:60:2:60:8":2,"b:61:4:63:Infinity:undefined:undefined:undefined:undefined":0,"s:61:4:63:Infinity":2,"s:62:6:62:Infinity":3,"f:69:2:69:7":3,"b:70:4:72:Infinity:undefined:undefined:undefined:undefined":1,"s:70:4:72:Infinity":4,"s:71:6:71:Infinity":5,"f:78:2:78:7":4,"b:79:4:81:Infinity:undefined:undefined:undefined:undefined":2,"s:79:4:81:Infinity":6,"s:80:6:80:Infinity":7,"f:87:2:87:8":5,"s:89:4:89:Infinity":8,"f:95:2:95:10":6,"b:100:15:100:Infinity":3,"b:103:4:105:Infinity:undefined:undefined:undefined:undefined":4,"s:103:4:105:Infinity":9,"b:103:8:103:27:103:31:103:42":5,"s:104:6:104:Infinity":10,"s:107:22:107:Infinity":11,"s:108:19:108:Infinity":12,"b:108:36:108:57:108:60:108:Infinity":6,"s:109:18:109:Infinity":13,"s:112:23:112:63":14,"s:115:26:115:Infinity":15,"b:118:4:129:Infinity:123:11:129:Infinity":7,"s:118:4:129:Infinity":16,"b:118:8:118:26:118:30:118:37":8,"s:119:6:119:Infinity":17,"b:120:6:122:Infinity:undefined:undefined:undefined:undefined":9,"s:120:6:122:Infinity":18,"s:121:8:121:Infinity":19,"s:125:6:125:Infinity":20,"b:126:6:128:Infinity:undefined:undefined:undefined:undefined":10,"s:126:6:128:Infinity":21,"s:127:8:127:Infinity":22,"f:135:2:135:10":7,"b:137:6:138:Infinity:139:6:140:Infinity:141:6:142:Infinity:143:6:144:Infinity:145:6:146:Infinity":11,"s:136:4:147:Infinity":23,"s:138:8:138:Infinity":24,"s:140:8:140:Infinity":25,"s:142:8:142:Infinity":26,"s:144:8:144:Infinity":27,"s:146:8:146:Infinity":28,"f:153:2:153:10":8,"b:155:6:156:Infinity:157:6:158:Infinity:159:6:159:Infinity:160:6:160:Infinity:161:6:162:Infinity":12,"s:154:4:163:Infinity":29,"s:156:8:156:Infinity":30,"s:158:8:158:Infinity":31,"s:162:8:162:Infinity":32,"f:36:2:36:14":9,"s:33:2:33:10":33,"s:34:2:34:10":34,"s:37:4:37:Infinity":35,"s:38:4:38:Infinity":36,"s:168:22:168:Infinity":37}}}
,"/Users/benkulka/source/force-majeure-webapp/src/shared/utils/environment.ts": {"path":"/Users/benkulka/source/force-majeure-webapp/src/shared/utils/environment.ts","statementMap":{"0":{"start":{"line":12,"column":30},"end":{"line":14,"column":null}},"1":{"start":{"line":13,"column":2},"end":{"line":13,"column":null}},"2":{"start":{"line":19,"column":29},"end":{"line":21,"column":null}},"3":{"start":{"line":20,"column":2},"end":{"line":20,"column":null}},"4":{"start":{"line":26,"column":28},"end":{"line":28,"column":null}},"5":{"start":{"line":27,"column":2},"end":{"line":27,"column":null}},"6":{"start":{"line":34,"column":41},"end":{"line":36,"column":null}},"7":{"start":{"line":35,"column":2},"end":{"line":35,"column":null}},"8":{"start":{"line":42,"column":38},"end":{"line":55,"column":null}},"9":{"start":{"line":43,"column":2},"end":{"line":45,"column":null}},"10":{"start":{"line":44,"column":4},"end":{"line":44,"column":null}},"11":{"start":{"line":47,"column":17},"end":{"line":47,"column":52}},"12":{"start":{"line":48,"column":19},"end":{"line":48,"column":42}},"13":{"start":{"line":50,"column":2},"end":{"line":52,"column":null}},"14":{"start":{"line":51,"column":4},"end":{"line":51,"column":null}},"15":{"start":{"line":54,"column":2},"end":{"line":54,"column":null}},"16":{"start":{"line":60,"column":74},"end":{"line":64,"column":null}}},"fnMap":{"0":{"name":"(anonymous_0)","decl":{"start":{"line":12,"column":30},"end":{"line":12,"column":null}},"loc":{"start":{"line":12,"column":30},"end":{"line":14,"column":null}},"line":12},"1":{"name":"(anonymous_1)","decl":{"start":{"line":19,"column":29},"end":{"line":19,"column":null}},"loc":{"start":{"line":19,"column":29},"end":{"line":21,"column":null}},"line":19},"2":{"name":"(anonymous_2)","decl":{"start":{"line":26,"column":28},"end":{"line":26,"column":null}},"loc":{"start":{"line":26,"column":28},"end":{"line":28,"column":null}},"line":26},"3":{"name":"(anonymous_3)","decl":{"start":{"line":34,"column":41},"end":{"line":34,"column":null}},"loc":{"start":{"line":34,"column":41},"end":{"line":36,"column":null}},"line":34},"4":{"name":"(anonymous_4)","decl":{"start":{"line":42,"column":38},"end":{"line":42,"column":39}},"loc":{"start":{"line":42,"column":39},"end":{"line":55,"column":null}},"line":42}},"branchMap":{"0":{"loc":{"start":{"line":13,"column":9},"end":{"line":13,"column":null}},"type":"cond-expr","locations":[{"start":{"line":13,"column":49},"end":{"line":13,"column":64}},{"start":{"line":13,"column":64},"end":{"line":13,"column":null}}],"line":13},"1":{"loc":{"start":{"line":35,"column":9},"end":{"line":35,"column":null}},"type":"cond-expr","locations":[{"start":{"line":35,"column":26},"end":{"line":35,"column":35}},{"start":{"line":35,"column":35},"end":{"line":35,"column":null}}],"line":35},"2":{"loc":{"start":{"line":43,"column":2},"end":{"line":45,"column":null}},"type":"if","locations":[{"start":{"line":43,"column":2},"end":{"line":45,"column":null}},{"start":{},"end":{}}],"line":43},"3":{"loc":{"start":{"line":50,"column":2},"end":{"line":52,"column":null}},"type":"if","locations":[{"start":{"line":50,"column":2},"end":{"line":52,"column":null}},{"start":{},"end":{}}],"line":50},"4":{"loc":{"start":{"line":54,"column":9},"end":{"line":54,"column":null}},"type":"binary-expr","locations":[{"start":{"line":54,"column":9},"end":{"line":54,"column":32}},{"start":{"line":54,"column":32},"end":{"line":54,"column":null}}],"line":54}},"s":{"0":1,"1":17,"2":1,"3":9,"4":1,"5":4,"6":1,"7":2,"8":1,"9":7,"10":1,"11":6,"12":6,"13":7,"14":1,"15":5,"16":1},"f":{"0":17,"1":9,"2":4,"3":2,"4":7},"b":{"0":[5,12],"1":[1,1],"2":[1,6],"3":[1,6],"4":[5,3]},"meta":{"lastBranch":5,"lastFunction":5,"lastStatement":17,"seen":{"s:12:30:14:Infinity":0,"f:12:30:12:Infinity":0,"s:13:2:13:Infinity":1,"b:13:49:13:64:13:64:13:Infinity":0,"s:19:29:21:Infinity":2,"f:19:29:19:Infinity":1,"s:20:2:20:Infinity":3,"s:26:28:28:Infinity":4,"f:26:28:26:Infinity":2,"s:27:2:27:Infinity":5,"s:34:41:36:Infinity":6,"f:34:41:34:Infinity":3,"s:35:2:35:Infinity":7,"b:35:26:35:35:35:35:35:Infinity":1,"s:42:38:55:Infinity":8,"f:42:38:42:39":4,"b:43:2:45:Infinity:undefined:undefined:undefined:undefined":2,"s:43:2:45:Infinity":9,"s:44:4:44:Infinity":10,"s:47:17:47:52":11,"s:48:19:48:42":12,"b:50:2:52:Infinity:undefined:undefined:undefined:undefined":3,"s:50:2:52:Infinity":13,"s:51:4:51:Infinity":14,"s:54:2:54:Infinity":15,"b:54:9:54:32:54:32:54:Infinity":4,"s:60:74:64:Infinity":16}}}
,"/Users/benkulka/source/force-majeure-webapp/src/shared/utils/formValidation.ts": {"path":"/Users/benkulka/source/force-majeure-webapp/src/shared/utils/formValidation.ts","statementMap":{"0":{"start":{"line":15,"column":30},"end":{"line":20,"column":null}},"1":{"start":{"line":16,"column":2},"end":{"line":20,"column":null}},"2":{"start":{"line":22,"column":30},"end":{"line":28,"column":null}},"3":{"start":{"line":23,"column":2},"end":{"line":28,"column":null}},"4":{"start":{"line":31,"column":26},"end":{"line":36,"column":null}},"5":{"start":{"line":39,"column":29},"end":{"line":45,"column":null}},"6":{"start":{"line":49,"column":24},"end":{"line":53,"column":null}},"7":{"start":{"line":55,"column":27},"end":{"line":61,"column":null}},"8":{"start":{"line":64,"column":26},"end":{"line":71,"column":null}},"9":{"start":{"line":74,"column":25},"end":{"line":77,"column":null}},"10":{"start":{"line":79,"column":28},"end":{"line":79,"column":null}},"11":{"start":{"line":81,"column":31},"end":{"line":83,"column":null}},"12":{"start":{"line":81,"column":55},"end":{"line":81,"column":74}},"13":{"start":{"line":85,"column":29},"end":{"line":87,"column":null}},"14":{"start":{"line":85,"column":53},"end":{"line":85,"column":72}},"15":{"start":{"line":90,"column":30},"end":{"line":92,"column":null}},"16":{"start":{"line":94,"column":33},"end":{"line":96,"column":null}},"17":{"start":{"line":98,"column":28},"end":{"line":100,"column":null}},"18":{"start":{"line":103,"column":26},"end":{"line":107,"column":39}},"19":{"start":{"line":114,"column":29},"end":{"line":119,"column":null}},"20":{"start":{"line":115,"column":2},"end":{"line":118,"column":26}},"21":{"start":{"line":122,"column":28},"end":{"line":124,"column":null}},"22":{"start":{"line":123,"column":2},"end":{"line":123,"column":null}},"23":{"start":{"line":127,"column":36},"end":{"line":139,"column":null}},"24":{"start":{"line":131,"column":2},"end":{"line":138,"column":null}},"25":{"start":{"line":133,"column":20},"end":{"line":133,"column":58}},"26":{"start":{"line":136,"column":20},"end":{"line":136,"column":54}},"27":{"start":{"line":146,"column":33},"end":{"line":151,"column":null}},"28":{"start":{"line":154,"column":31},"end":{"line":160,"column":null}},"29":{"start":{"line":163,"column":33},"end":{"line":169,"column":null}},"30":{"start":{"line":174,"column":36},"end":{"line":183,"column":null}},"31":{"start":{"line":175,"column":2},"end":{"line":182,"column":null}},"32":{"start":{"line":179,"column":20},"end":{"line":179,"column":58}},"33":{"start":{"line":189,"column":31},"end":{"line":205,"column":null}},"34":{"start":{"line":192,"column":2},"end":{"line":204,"column":null}},"35":{"start":{"line":193,"column":4},"end":{"line":195,"column":null}},"36":{"start":{"line":194,"column":6},"end":{"line":194,"column":null}},"37":{"start":{"line":197,"column":4},"end":{"line":201,"column":null}},"38":{"start":{"line":198,"column":6},"end":{"line":198,"column":null}},"39":{"start":{"line":200,"column":6},"end":{"line":200,"column":null}},"40":{"start":{"line":203,"column":4},"end":{"line":203,"column":null}}},"fnMap":{"0":{"name":"(anonymous_0)","decl":{"start":{"line":15,"column":30},"end":{"line":15,"column":31}},"loc":{"start":{"line":16,"column":2},"end":{"line":20,"column":null}},"line":16},"1":{"name":"(anonymous_1)","decl":{"start":{"line":22,"column":30},"end":{"line":22,"column":31}},"loc":{"start":{"line":23,"column":2},"end":{"line":28,"column":null}},"line":23},"2":{"name":"(anonymous_2)","decl":{"start":{"line":81,"column":47},"end":{"line":81,"column":55}},"loc":{"start":{"line":81,"column":55},"end":{"line":81,"column":74}},"line":81},"3":{"name":"(anonymous_3)","decl":{"start":{"line":85,"column":45},"end":{"line":85,"column":53}},"loc":{"start":{"line":85,"column":53},"end":{"line":85,"column":72}},"line":85},"4":{"name":"(anonymous_4)","decl":{"start":{"line":114,"column":29},"end":{"line":114,"column":30}},"loc":{"start":{"line":114,"column":30},"end":{"line":119,"column":null}},"line":114},"5":{"name":"(anonymous_5)","decl":{"start":{"line":122,"column":28},"end":{"line":122,"column":29}},"loc":{"start":{"line":122,"column":29},"end":{"line":124,"column":null}},"line":122},"6":{"name":"(anonymous_6)","decl":{"start":{"line":127,"column":36},"end":{"line":127,"column":null}},"loc":{"start":{"line":129,"column":2},"end":{"line":139,"column":null}},"line":129},"7":{"name":"(anonymous_7)","decl":{"start":{"line":133,"column":12},"end":{"line":133,"column":20}},"loc":{"start":{"line":133,"column":20},"end":{"line":133,"column":58}},"line":133},"8":{"name":"(anonymous_8)","decl":{"start":{"line":136,"column":12},"end":{"line":136,"column":20}},"loc":{"start":{"line":136,"column":20},"end":{"line":136,"column":54}},"line":136},"9":{"name":"(anonymous_9)","decl":{"start":{"line":174,"column":36},"end":{"line":174,"column":37}},"loc":{"start":{"line":174,"column":37},"end":{"line":183,"column":null}},"line":174},"10":{"name":"(anonymous_10)","decl":{"start":{"line":179,"column":12},"end":{"line":179,"column":20}},"loc":{"start":{"line":179,"column":20},"end":{"line":179,"column":58}},"line":179},"11":{"name":"(anonymous_11)","decl":{"start":{"line":189,"column":31},"end":{"line":189,"column":null}},"loc":{"start":{"line":190,"column":2},"end":{"line":205,"column":null}},"line":190},"12":{"name":"(anonymous_12)","decl":{"start":{"line":192,"column":37},"end":{"line":192,"column":38}},"loc":{"start":{"line":192,"column":55},"end":{"line":204,"column":5}},"line":192}},"branchMap":{"0":{"loc":{"start":{"line":15,"column":50},"end":{"line":15,"column":65}},"type":"default-arg","locations":[{"start":{"line":15,"column":62},"end":{"line":15,"column":65}}],"line":15},"1":{"loc":{"start":{"line":22,"column":31},"end":{"line":22,"column":46}},"type":"default-arg","locations":[{"start":{"line":22,"column":43},"end":{"line":22,"column":46}}],"line":22},"2":{"loc":{"start":{"line":193,"column":4},"end":{"line":195,"column":null}},"type":"if","locations":[{"start":{"line":193,"column":4},"end":{"line":195,"column":null}},{"start":{},"end":{}}],"line":193},"3":{"loc":{"start":{"line":193,"column":8},"end":{"line":193,"column":63}},"type":"binary-expr","locations":[{"start":{"line":193,"column":8},"end":{"line":193,"column":24}},{"start":{"line":193,"column":24},"end":{"line":193,"column":42}},{"start":{"line":193,"column":42},"end":{"line":193,"column":63}}],"line":193},"4":{"loc":{"start":{"line":197,"column":4},"end":{"line":201,"column":null}},"type":"if","locations":[{"start":{"line":197,"column":4},"end":{"line":201,"column":null}},{"start":{"line":199,"column":11},"end":{"line":201,"column":null}}],"line":197}},"s":{"0":1,"1":11,"2":1,"3":6,"4":1,"5":1,"6":1,"7":1,"8":1,"9":1,"10":1,"11":1,"12":5,"13":1,"14":3,"15":1,"16":1,"17":1,"18":1,"19":1,"20":4,"21":1,"22":3,"23":1,"24":3,"25":3,"26":3,"27":1,"28":1,"29":1,"30":1,"31":2,"32":2,"33":1,"34":6,"35":14,"36":6,"37":8,"38":6,"39":2,"40":8},"f":{"0":11,"1":6,"2":5,"3":3,"4":4,"5":3,"6":3,"7":3,"8":3,"9":2,"10":2,"11":6,"12":14},"b":{"0":[11],"1":[6],"2":[6,8],"3":[14,12,10],"4":[6,2]},"meta":{"lastBranch":5,"lastFunction":13,"lastStatement":41,"seen":{"s:15:30:20:Infinity":0,"f:15:30:15:31":0,"s:16:2:20:Infinity":1,"b:15:62:15:65":0,"s:22:30:28:Infinity":2,"f:22:30:22:31":1,"s:23:2:28:Infinity":3,"b:22:43:22:46":1,"s:31:26:36:Infinity":4,"s:39:29:45:Infinity":5,"s:49:24:53:Infinity":6,"s:55:27:61:Infinity":7,"s:64:26:71:Infinity":8,"s:74:25:77:Infinity":9,"s:79:28:79:Infinity":10,"s:81:31:83:Infinity":11,"f:81:47:81:55":2,"s:81:55:81:74":12,"s:85:29:87:Infinity":13,"f:85:45:85:53":3,"s:85:53:85:72":14,"s:90:30:92:Infinity":15,"s:94:33:96:Infinity":16,"s:98:28:100:Infinity":17,"s:103:26:107:39":18,"s:114:29:119:Infinity":19,"f:114:29:114:30":4,"s:115:2:118:26":20,"s:122:28:124:Infinity":21,"f:122:28:122:29":5,"s:123:2:123:Infinity":22,"s:127:36:139:Infinity":23,"f:127:36:127:Infinity":6,"s:131:2:138:Infinity":24,"f:133:12:133:20":7,"s:133:20:133:58":25,"f:136:12:136:20":8,"s:136:20:136:54":26,"s:146:33:151:Infinity":27,"s:154:31:160:Infinity":28,"s:163:33:169:Infinity":29,"s:174:36:183:Infinity":30,"f:174:36:174:37":9,"s:175:2:182:Infinity":31,"f:179:12:179:20":10,"s:179:20:179:58":32,"s:189:31:205:Infinity":33,"f:189:31:189:Infinity":11,"s:192:2:204:Infinity":34,"f:192:37:192:38":12,"b:193:4:195:Infinity:undefined:undefined:undefined:undefined":2,"s:193:4:195:Infinity":35,"b:193:8:193:24:193:24:193:42:193:42:193:63":3,"s:194:6:194:Infinity":36,"b:197:4:201:Infinity:199:11:201:Infinity":4,"s:197:4:201:Infinity":37,"s:198:6:198:Infinity":38,"s:200:6:200:Infinity":39,"s:203:4:203:Infinity":40}}}
,"/Users/benkulka/source/force-majeure-webapp/src/shared/utils/queueUtils.ts": {"path":"/Users/benkulka/source/force-majeure-webapp/src/shared/utils/queueUtils.ts","statementMap":{"0":{"start":{"line":27,"column":25},"end":{"line":27,"column":null}},"1":{"start":{"line":29,"column":2},"end":{"line":33,"column":null}},"2":{"start":{"line":31,"column":23},"end":{"line":31,"column":null}},"3":{"start":{"line":32,"column":4},"end":{"line":32,"column":null}},"4":{"start":{"line":36,"column":2},"end":{"line":39,"column":null}},"5":{"start":{"line":38,"column":4},"end":{"line":38,"column":null}},"6":{"start":{"line":42,"column":21},"end":{"line":42,"column":null}},"7":{"start":{"line":43,"column":21},"end":{"line":43,"column":null}},"8":{"start":{"line":44,"column":2},"end":{"line":44,"column":null}},"9":{"start":{"line":54,"column":2},"end":{"line":56,"column":null}},"10":{"start":{"line":55,"column":4},"end":{"line":55,"column":null}},"11":{"start":{"line":58,"column":2},"end":{"line":60,"column":null}},"12":{"start":{"line":59,"column":4},"end":{"line":59,"column":null}},"13":{"start":{"line":62,"column":2},"end":{"line":64,"column":null}},"14":{"start":{"line":63,"column":4},"end":{"line":63,"column":null}},"15":{"start":{"line":66,"column":2},"end":{"line":68,"column":null}},"16":{"start":{"line":67,"column":4},"end":{"line":67,"column":null}},"17":{"start":{"line":70,"column":2},"end":{"line":72,"column":null}},"18":{"start":{"line":71,"column":4},"end":{"line":71,"column":null}},"19":{"start":{"line":74,"column":16},"end":{"line":74,"column":null}},"20":{"start":{"line":75,"column":27},"end":{"line":75,"column":null}},"21":{"start":{"line":77,"column":2},"end":{"line":79,"column":null}},"22":{"start":{"line":78,"column":4},"end":{"line":78,"column":null}},"23":{"start":{"line":81,"column":2},"end":{"line":81,"column":null}},"24":{"start":{"line":95,"column":2},"end":{"line":95,"column":null}},"25":{"start":{"line":95,"column":19},"end":{"line":95,"column":null}},"26":{"start":{"line":96,"column":2},"end":{"line":96,"column":null}},"27":{"start":{"line":96,"column":22},"end":{"line":96,"column":null}},"28":{"start":{"line":99,"column":19},"end":{"line":99,"column":null}},"29":{"start":{"line":100,"column":2},"end":{"line":100,"column":null}},"30":{"start":{"line":110,"column":17},"end":{"line":110,"column":null}},"31":{"start":{"line":111,"column":16},"end":{"line":111,"column":null}},"32":{"start":{"line":113,"column":2},"end":{"line":113,"column":76}},"33":{"start":{"line":129,"column":2},"end":{"line":131,"column":null}},"34":{"start":{"line":130,"column":4},"end":{"line":130,"column":null}},"35":{"start":{"line":134,"column":2},"end":{"line":136,"column":null}},"36":{"start":{"line":135,"column":4},"end":{"line":135,"column":null}},"37":{"start":{"line":139,"column":2},"end":{"line":141,"column":null}},"38":{"start":{"line":140,"column":4},"end":{"line":140,"column":null}},"39":{"start":{"line":144,"column":2},"end":{"line":144,"column":null}}},"fnMap":{"0":{"name":"calculateEstimatedWaitTime","decl":{"start":{"line":20,"column":16},"end":{"line":20,"column":null}},"loc":{"start":{"line":24,"column":31},"end":{"line":45,"column":null}},"line":24},"1":{"name":"formatWaitTime","decl":{"start":{"line":53,"column":16},"end":{"line":53,"column":31}},"loc":{"start":{"line":53,"column":46},"end":{"line":82,"column":null}},"line":53},"2":{"name":"getQueueProgressPercentage","decl":{"start":{"line":91,"column":16},"end":{"line":91,"column":null}},"loc":{"start":{"line":93,"column":15},"end":{"line":101,"column":null}},"line":93},"3":{"name":"formatQueuePosition","decl":{"start":{"line":109,"column":16},"end":{"line":109,"column":36}},"loc":{"start":{"line":109,"column":52},"end":{"line":114,"column":null}},"line":109},"4":{"name":"shouldNotifyPositionChange","decl":{"start":{"line":124,"column":16},"end":{"line":124,"column":null}},"loc":{"start":{"line":126,"column":21},"end":{"line":145,"column":null}},"line":126}},"branchMap":{"0":{"loc":{"start":{"line":24,"column":2},"end":{"line":24,"column":31}},"type":"default-arg","locations":[{"start":{"line":24,"column":30},"end":{"line":24,"column":31}}],"line":24},"1":{"loc":{"start":{"line":29,"column":2},"end":{"line":33,"column":null}},"type":"if","locations":[{"start":{"line":29,"column":2},"end":{"line":33,"column":null}},{"start":{},"end":{}}],"line":29},"2":{"loc":{"start":{"line":36,"column":2},"end":{"line":39,"column":null}},"type":"if","locations":[{"start":{"line":36,"column":2},"end":{"line":39,"column":null}},{"start":{},"end":{}}],"line":36},"3":{"loc":{"start":{"line":54,"column":2},"end":{"line":56,"column":null}},"type":"if","locations":[{"start":{"line":54,"column":2},"end":{"line":56,"column":null}},{"start":{},"end":{}}],"line":54},"4":{"loc":{"start":{"line":58,"column":2},"end":{"line":60,"column":null}},"type":"if","locations":[{"start":{"line":58,"column":2},"end":{"line":60,"column":null}},{"start":{},"end":{}}],"line":58},"5":{"loc":{"start":{"line":62,"column":2},"end":{"line":64,"column":null}},"type":"if","locations":[{"start":{"line":62,"column":2},"end":{"line":64,"column":null}},{"start":{},"end":{}}],"line":62},"6":{"loc":{"start":{"line":66,"column":2},"end":{"line":68,"column":null}},"type":"if","locations":[{"start":{"line":66,"column":2},"end":{"line":68,"column":null}},{"start":{},"end":{}}],"line":66},"7":{"loc":{"start":{"line":70,"column":2},"end":{"line":72,"column":null}},"type":"if","locations":[{"start":{"line":70,"column":2},"end":{"line":72,"column":null}},{"start":{},"end":{}}],"line":70},"8":{"loc":{"start":{"line":77,"column":2},"end":{"line":79,"column":null}},"type":"if","locations":[{"start":{"line":77,"column":2},"end":{"line":79,"column":null}},{"start":{},"end":{}}],"line":77},"9":{"loc":{"start":{"line":78,"column":11},"end":{"line":78,"column":64}},"type":"cond-expr","locations":[{"start":{"line":78,"column":25},"end":{"line":78,"column":42}},{"start":{"line":78,"column":42},"end":{"line":78,"column":64}}],"line":78},"10":{"loc":{"start":{"line":81,"column":31},"end":{"line":81,"column":52}},"type":"cond-expr","locations":[{"start":{"line":81,"column":43},"end":{"line":81,"column":49}},{"start":{"line":81,"column":49},"end":{"line":81,"column":52}}],"line":81},"11":{"loc":{"start":{"line":95,"column":2},"end":{"line":95,"column":null}},"type":"if","locations":[{"start":{"line":95,"column":2},"end":{"line":95,"column":null}},{"start":{},"end":{}}],"line":95},"12":{"loc":{"start":{"line":96,"column":2},"end":{"line":96,"column":null}},"type":"if","locations":[{"start":{"line":96,"column":2},"end":{"line":96,"column":null}},{"start":{},"end":{}}],"line":96},"13":{"loc":{"start":{"line":113,"column":21},"end":{"line":113,"column":75}},"type":"binary-expr","locations":[{"start":{"line":113,"column":21},"end":{"line":113,"column":46}},{"start":{"line":113,"column":50},"end":{"line":113,"column":63}},{"start":{"line":113,"column":67},"end":{"line":113,"column":75}}],"line":113},"14":{"loc":{"start":{"line":129,"column":2},"end":{"line":131,"column":null}},"type":"if","locations":[{"start":{"line":129,"column":2},"end":{"line":131,"column":null}},{"start":{},"end":{}}],"line":129},"15":{"loc":{"start":{"line":129,"column":6},"end":{"line":129,"column":65}},"type":"binary-expr","locations":[{"start":{"line":129,"column":6},"end":{"line":129,"column":27}},{"start":{"line":129,"column":27},"end":{"line":129,"column":46}},{"start":{"line":129,"column":46},"end":{"line":129,"column":65}}],"line":129},"16":{"loc":{"start":{"line":134,"column":2},"end":{"line":136,"column":null}},"type":"if","locations":[{"start":{"line":134,"column":2},"end":{"line":136,"column":null}},{"start":{},"end":{}}],"line":134},"17":{"loc":{"start":{"line":134,"column":6},"end":{"line":134,"column":44}},"type":"binary-expr","locations":[{"start":{"line":134,"column":6},"end":{"line":134,"column":26}},{"start":{"line":134,"column":26},"end":{"line":134,"column":44}}],"line":134},"18":{"loc":{"start":{"line":139,"column":2},"end":{"line":141,"column":null}},"type":"if","locations":[{"start":{"line":139,"column":2},"end":{"line":141,"column":null}},{"start":{},"end":{}}],"line":139},"19":{"loc":{"start":{"line":139,"column":6},"end":{"line":139,"column":44}},"type":"binary-expr","locations":[{"start":{"line":139,"column":6},"end":{"line":139,"column":26}},{"start":{"line":139,"column":26},"end":{"line":139,"column":44}}],"line":139}},"s":{"0":17,"1":17,"2":7,"3":7,"4":10,"5":5,"6":5,"7":5,"8":5,"9":29,"10":1,"11":28,"12":1,"13":27,"14":4,"15":23,"16":5,"17":18,"18":7,"19":11,"20":11,"21":11,"22":4,"23":7,"24":9,"25":1,"26":8,"27":2,"28":6,"29":6,"30":24,"31":24,"32":24,"33":26,"34":4,"35":22,"36":6,"37":16,"38":8,"39":8},"f":{"0":17,"1":29,"2":9,"3":24,"4":26},"b":{"0":[17],"1":[7,10],"2":[5,5],"3":[1,28],"4":[1,27],"5":[4,23],"6":[5,18],"7":[7,11],"8":[4,7],"9":[2,2],"10":[2,5],"11":[1,8],"12":[2,6],"13":[24,14,8],"14":[4,22],"15":[26,22,22],"16":[6,16],"17":[22,9],"18":[8,8],"19":[16,11]},"meta":{"lastBranch":20,"lastFunction":5,"lastStatement":40,"seen":{"f:20:16:20:Infinity":0,"b:24:30:24:31":0,"s:27:25:27:Infinity":0,"b:29:2:33:Infinity:undefined:undefined:undefined:undefined":1,"s:29:2:33:Infinity":1,"s:31:23:31:Infinity":2,"s:32:4:32:Infinity":3,"b:36:2:39:Infinity:undefined:undefined:undefined:undefined":2,"s:36:2:39:Infinity":4,"s:38:4:38:Infinity":5,"s:42:21:42:Infinity":6,"s:43:21:43:Infinity":7,"s:44:2:44:Infinity":8,"f:53:16:53:31":1,"b:54:2:56:Infinity:undefined:undefined:undefined:undefined":3,"s:54:2:56:Infinity":9,"s:55:4:55:Infinity":10,"b:58:2:60:Infinity:undefined:undefined:undefined:undefined":4,"s:58:2:60:Infinity":11,"s:59:4:59:Infinity":12,"b:62:2:64:Infinity:undefined:undefined:undefined:undefined":5,"s:62:2:64:Infinity":13,"s:63:4:63:Infinity":14,"b:66:2:68:Infinity:undefined:undefined:undefined:undefined":6,"s:66:2:68:Infinity":15,"s:67:4:67:Infinity":16,"b:70:2:72:Infinity:undefined:undefined:undefined:undefined":7,"s:70:2:72:Infinity":17,"s:71:4:71:Infinity":18,"s:74:16:74:Infinity":19,"s:75:27:75:Infinity":20,"b:77:2:79:Infinity:undefined:undefined:undefined:undefined":8,"s:77:2:79:Infinity":21,"s:78:4:78:Infinity":22,"b:78:25:78:42:78:42:78:64":9,"s:81:2:81:Infinity":23,"b:81:43:81:49:81:49:81:52":10,"f:91:16:91:Infinity":2,"b:95:2:95:Infinity:undefined:undefined:undefined:undefined":11,"s:95:2:95:Infinity":24,"s:95:19:95:Infinity":25,"b:96:2:96:Infinity:undefined:undefined:undefined:undefined":12,"s:96:2:96:Infinity":26,"s:96:22:96:Infinity":27,"s:99:19:99:Infinity":28,"s:100:2:100:Infinity":29,"f:109:16:109:36":3,"s:110:17:110:Infinity":30,"s:111:16:111:Infinity":31,"s:113:2:113:76":32,"b:113:21:113:46:113:50:113:63:113:67:113:75":13,"f:124:16:124:Infinity":4,"b:129:2:131:Infinity:undefined:undefined:undefined:undefined":14,"s:129:2:131:Infinity":33,"b:129:6:129:27:129:27:129:46:129:46:129:65":15,"s:130:4:130:Infinity":34,"b:134:2:136:Infinity:undefined:undefined:undefined:undefined":16,"s:134:2:136:Infinity":35,"b:134:6:134:26:134:26:134:44":17,"s:135:4:135:Infinity":36,"b:139:2:141:Infinity:undefined:undefined:undefined:undefined":18,"s:139:2:141:Infinity":37,"b:139:6:139:26:139:26:139:44":19,"s:140:4:140:Infinity":38,"s:144:2:144:Infinity":39}}}
,"/Users/benkulka/source/force-majeure-webapp/src/shared/utils/styleUtils.ts": {"path":"/Users/benkulka/source/force-majeure-webapp/src/shared/utils/styleUtils.ts","statementMap":{"0":{"start":{"line":44,"column":4},"end":{"line":46,"column":36}},"1":{"start":{"line":48,"column":2},"end":{"line":48,"column":null}},"2":{"start":{"line":67,"column":2},"end":{"line":75,"column":null}},"3":{"start":{"line":104,"column":2},"end":{"line":107,"column":null}},"4":{"start":{"line":135,"column":19},"end":{"line":140,"column":null}},"5":{"start":{"line":142,"column":2},"end":{"line":142,"column":null}},"6":{"start":{"line":167,"column":19},"end":{"line":173,"column":null}},"7":{"start":{"line":175,"column":2},"end":{"line":181,"column":null}},"8":{"start":{"line":198,"column":2},"end":{"line":198,"column":null}},"9":{"start":{"line":198,"column":13},"end":{"line":198,"column":null}},"10":{"start":{"line":199,"column":2},"end":{"line":199,"column":null}},"11":{"start":{"line":219,"column":2},"end":{"line":219,"column":null}},"12":{"start":{"line":219,"column":13},"end":{"line":219,"column":null}},"13":{"start":{"line":221,"column":20},"end":{"line":221,"column":null}},"14":{"start":{"line":223,"column":2},"end":{"line":230,"column":null}},"15":{"start":{"line":229,"column":4},"end":{"line":229,"column":null}},"16":{"start":{"line":232,"column":2},"end":{"line":232,"column":null}},"17":{"start":{"line":253,"column":21},"end":{"line":258,"column":null}},"18":{"start":{"line":260,"column":2},"end":{"line":264,"column":null}},"19":{"start":{"line":286,"column":2},"end":{"line":292,"column":null}},"20":{"start":{"line":309,"column":21},"end":{"line":315,"column":null}},"21":{"start":{"line":317,"column":2},"end":{"line":317,"column":null}}},"fnMap":{"0":{"name":"getListItemClasses","decl":{"start":{"line":39,"column":16},"end":{"line":39,"column":null}},"loc":{"start":{"line":41,"column":24},"end":{"line":49,"column":null}},"line":41},"1":{"name":"getInputClasses","decl":{"start":{"line":66,"column":16},"end":{"line":66,"column":32}},"loc":{"start":{"line":66,"column":54},"end":{"line":77,"column":null}},"line":66},"2":{"name":"getLabelClasses","decl":{"start":{"line":100,"column":16},"end":{"line":100,"column":null}},"loc":{"start":{"line":102,"column":24},"end":{"line":109,"column":null}},"line":102},"3":{"name":"getDepthClasses","decl":{"start":{"line":131,"column":16},"end":{"line":131,"column":null}},"loc":{"start":{"line":133,"column":24},"end":{"line":143,"column":null}},"line":133},"4":{"name":"getButtonClasses","decl":{"start":{"line":163,"column":16},"end":{"line":163,"column":null}},"loc":{"start":{"line":165,"column":24},"end":{"line":183,"column":null}},"line":165},"5":{"name":"toSentenceCase","decl":{"start":{"line":197,"column":16},"end":{"line":197,"column":31}},"loc":{"start":{"line":197,"column":43},"end":{"line":200,"column":null}},"line":197},"6":{"name":"formatHeader","decl":{"start":{"line":218,"column":16},"end":{"line":218,"column":29}},"loc":{"start":{"line":218,"column":68},"end":{"line":233,"column":null}},"line":218},"7":{"name":"getCardClasses","decl":{"start":{"line":249,"column":16},"end":{"line":249,"column":null}},"loc":{"start":{"line":251,"column":24},"end":{"line":266,"column":null}},"line":251},"8":{"name":"getIconButtonClasses","decl":{"start":{"line":285,"column":16},"end":{"line":285,"column":37}},"loc":{"start":{"line":285,"column":59},"end":{"line":294,"column":null}},"line":285},"9":{"name":"getSpacing","decl":{"start":{"line":308,"column":16},"end":{"line":308,"column":27}},"loc":{"start":{"line":308,"column":65},"end":{"line":318,"column":null}},"line":308}},"branchMap":{"0":{"loc":{"start":{"line":44,"column":4},"end":{"line":46,"column":36}},"type":"cond-expr","locations":[{"start":{"line":45,"column":8},"end":{"line":45,"column":37}},{"start":{"line":46,"column":8},"end":{"line":46,"column":36}}],"line":44},"1":{"loc":{"start":{"line":101,"column":2},"end":{"line":101,"column":26}},"type":"default-arg","locations":[{"start":{"line":101,"column":21},"end":{"line":101,"column":26}}],"line":101},"2":{"loc":{"start":{"line":105,"column":4},"end":{"line":105,"column":73}},"type":"cond-expr","locations":[{"start":{"line":105,"column":14},"end":{"line":105,"column":42}},{"start":{"line":105,"column":45},"end":{"line":105,"column":73}}],"line":105},"3":{"loc":{"start":{"line":164,"column":2},"end":{"line":164,"column":78}},"type":"default-arg","locations":[{"start":{"line":164,"column":69},"end":{"line":164,"column":78}}],"line":164},"4":{"loc":{"start":{"line":198,"column":2},"end":{"line":198,"column":null}},"type":"if","locations":[{"start":{"line":198,"column":2},"end":{"line":198,"column":null}},{"start":{},"end":{}}],"line":198},"5":{"loc":{"start":{"line":218,"column":43},"end":{"line":218,"column":68}},"type":"default-arg","locations":[{"start":{"line":218,"column":64},"end":{"line":218,"column":68}}],"line":218},"6":{"loc":{"start":{"line":219,"column":2},"end":{"line":219,"column":null}},"type":"if","locations":[{"start":{"line":219,"column":2},"end":{"line":219,"column":null}},{"start":{},"end":{}}],"line":219},"7":{"loc":{"start":{"line":223,"column":2},"end":{"line":230,"column":null}},"type":"if","locations":[{"start":{"line":223,"column":2},"end":{"line":230,"column":null}},{"start":{},"end":{}}],"line":223},"8":{"loc":{"start":{"line":224,"column":4},"end":{"line":227,"column":null}},"type":"binary-expr","locations":[{"start":{"line":224,"column":4},"end":{"line":224,"column":null}},{"start":{"line":225,"column":4},"end":{"line":225,"column":null}},{"start":{"line":226,"column":4},"end":{"line":226,"column":null}},{"start":{"line":227,"column":4},"end":{"line":227,"column":null}}],"line":224},"9":{"loc":{"start":{"line":250,"column":2},"end":{"line":250,"column":66}},"type":"default-arg","locations":[{"start":{"line":250,"column":57},"end":{"line":250,"column":66}}],"line":250}},"s":{"0":9,"1":9,"2":4,"3":5,"4":41,"5":41,"6":10,"7":10,"8":16,"9":1,"10":15,"11":10,"12":1,"13":9,"14":9,"15":5,"16":4,"17":9,"18":9,"19":5,"20":10,"21":10},"f":{"0":9,"1":4,"2":5,"3":41,"4":10,"5":16,"6":10,"7":9,"8":5,"9":10},"b":{"0":[5,4],"1":[5],"2":[1,4],"3":[10],"4":[1,15],"5":[10],"6":[1,9],"7":[5,4],"8":[9,8,7,6],"9":[9]},"meta":{"lastBranch":10,"lastFunction":10,"lastStatement":22,"seen":{"f:39:16:39:Infinity":0,"s:44:4:46:36":0,"b:45:8:45:37:46:8:46:36":0,"s:48:2:48:Infinity":1,"f:66:16:66:32":1,"s:67:2:75:Infinity":2,"f:100:16:100:Infinity":2,"b:101:21:101:26":1,"s:104:2:107:Infinity":3,"b:105:14:105:42:105:45:105:73":2,"f:131:16:131:Infinity":3,"s:135:19:140:Infinity":4,"s:142:2:142:Infinity":5,"f:163:16:163:Infinity":4,"b:164:69:164:78":3,"s:167:19:173:Infinity":6,"s:175:2:181:Infinity":7,"f:197:16:197:31":5,"b:198:2:198:Infinity:undefined:undefined:undefined:undefined":4,"s:198:2:198:Infinity":8,"s:198:13:198:Infinity":9,"s:199:2:199:Infinity":10,"f:218:16:218:29":6,"b:218:64:218:68":5,"b:219:2:219:Infinity:undefined:undefined:undefined:undefined":6,"s:219:2:219:Infinity":11,"s:219:13:219:Infinity":12,"s:221:20:221:Infinity":13,"b:223:2:230:Infinity:undefined:undefined:undefined:undefined":7,"s:223:2:230:Infinity":14,"b:224:4:224:Infinity:225:4:225:Infinity:226:4:226:Infinity:227:4:227:Infinity":8,"s:229:4:229:Infinity":15,"s:232:2:232:Infinity":16,"f:249:16:249:Infinity":7,"b:250:57:250:66":9,"s:253:21:258:Infinity":17,"s:260:2:264:Infinity":18,"f:285:16:285:37":8,"s:286:2:292:Infinity":19,"f:308:16:308:27":9,"s:309:21:315:Infinity":20,"s:317:2:317:Infinity":21}}}
,"/Users/benkulka/source/force-majeure-webapp/src/shared/utils/timeUtils.ts": {"path":"/Users/benkulka/source/force-majeure-webapp/src/shared/utils/timeUtils.ts","statementMap":{"0":{"start":{"line":5,"column":33},"end":{"line":29,"column":null}},"1":{"start":{"line":6,"column":2},"end":{"line":6,"column":null}},"2":{"start":{"line":6,"column":33},"end":{"line":6,"column":null}},"3":{"start":{"line":8,"column":12},"end":{"line":8,"column":null}},"4":{"start":{"line":11,"column":22},"end":{"line":11,"column":null}},"5":{"start":{"line":12,"column":2},"end":{"line":20,"column":null}},"6":{"start":{"line":13,"column":4},"end":{"line":19,"column":null}},"7":{"start":{"line":15,"column":6},"end":{"line":15,"column":null}},"8":{"start":{"line":15,"column":29},"end":{"line":15,"column":null}},"9":{"start":{"line":16,"column":6},"end":{"line":16,"column":null}},"10":{"start":{"line":16,"column":28},"end":{"line":16,"column":null}},"11":{"start":{"line":17,"column":6},"end":{"line":17,"column":null}},"12":{"start":{"line":17,"column":30},"end":{"line":17,"column":null}},"13":{"start":{"line":18,"column":6},"end":{"line":18,"column":null}},"14":{"start":{"line":23,"column":2},"end":{"line":23,"column":null}},"15":{"start":{"line":25,"column":2},"end":{"line":25,"column":null}},"16":{"start":{"line":27,"column":2},"end":{"line":27,"column":null}},"17":{"start":{"line":27,"column":41},"end":{"line":27,"column":null}},"18":{"start":{"line":28,"column":2},"end":{"line":28,"column":null}},"19":{"start":{"line":35,"column":34},"end":{"line":60,"column":null}},"20":{"start":{"line":36,"column":2},"end":{"line":36,"column":null}},"21":{"start":{"line":36,"column":16},"end":{"line":36,"column":null}},"22":{"start":{"line":37,"column":16},"end":{"line":37,"column":null}},"23":{"start":{"line":39,"column":16},"end":{"line":39,"column":null}},"24":{"start":{"line":40,"column":17},"end":{"line":40,"column":null}},"25":{"start":{"line":42,"column":14},"end":{"line":42,"column":null}},"26":{"start":{"line":43,"column":2},"end":{"line":50,"column":null}},"27":{"start":{"line":44,"column":12},"end":{"line":44,"column":null}},"28":{"start":{"line":45,"column":16},"end":{"line":45,"column":null}},"29":{"start":{"line":46,"column":15},"end":{"line":46,"column":null}},"30":{"start":{"line":47,"column":4},"end":{"line":47,"column":null}},"31":{"start":{"line":47,"column":33},"end":{"line":47,"column":null}},"32":{"start":{"line":48,"column":4},"end":{"line":48,"column":null}},"33":{"start":{"line":48,"column":33},"end":{"line":48,"column":null}},"34":{"start":{"line":49,"column":4},"end":{"line":49,"column":null}},"35":{"start":{"line":52,"column":14},"end":{"line":52,"column":null}},"36":{"start":{"line":53,"column":2},"end":{"line":57,"column":null}},"37":{"start":{"line":54,"column":14},"end":{"line":54,"column":null}},"38":{"start":{"line":55,"column":16},"end":{"line":55,"column":null}},"39":{"start":{"line":56,"column":4},"end":{"line":56,"column":null}},"40":{"start":{"line":56,"column":50},"end":{"line":56,"column":null}},"41":{"start":{"line":59,"column":2},"end":{"line":59,"column":null}}},"fnMap":{"0":{"name":"(anonymous_0)","decl":{"start":{"line":5,"column":33},"end":{"line":5,"column":34}},"loc":{"start":{"line":5,"column":34},"end":{"line":29,"column":null}},"line":5},"1":{"name":"(anonymous_1)","decl":{"start":{"line":27,"column":36},"end":{"line":27,"column":41}},"loc":{"start":{"line":27,"column":41},"end":{"line":27,"column":null}},"line":27},"2":{"name":"(anonymous_2)","decl":{"start":{"line":35,"column":34},"end":{"line":35,"column":35}},"loc":{"start":{"line":35,"column":35},"end":{"line":60,"column":null}},"line":35}},"branchMap":{"0":{"loc":{"start":{"line":6,"column":2},"end":{"line":6,"column":null}},"type":"if","locations":[{"start":{"line":6,"column":2},"end":{"line":6,"column":null}},{"start":{},"end":{}}],"line":6},"1":{"loc":{"start":{"line":6,"column":6},"end":{"line":6,"column":33}},"type":"binary-expr","locations":[{"start":{"line":6,"column":6},"end":{"line":6,"column":18}},{"start":{"line":6,"column":18},"end":{"line":6,"column":33}}],"line":6},"2":{"loc":{"start":{"line":12,"column":2},"end":{"line":20,"column":null}},"type":"if","locations":[{"start":{"line":12,"column":2},"end":{"line":20,"column":null}},{"start":{},"end":{}}],"line":12},"3":{"loc":{"start":{"line":12,"column":6},"end":{"line":12,"column":49}},"type":"binary-expr","locations":[{"start":{"line":12,"column":6},"end":{"line":12,"column":29}},{"start":{"line":12,"column":29},"end":{"line":12,"column":49}}],"line":12},"4":{"loc":{"start":{"line":13,"column":4},"end":{"line":19,"column":null}},"type":"if","locations":[{"start":{"line":13,"column":4},"end":{"line":19,"column":null}},{"start":{},"end":{}}],"line":13},"5":{"loc":{"start":{"line":13,"column":8},"end":{"line":13,"column":46}},"type":"binary-expr","locations":[{"start":{"line":13,"column":8},"end":{"line":13,"column":28}},{"start":{"line":13,"column":28},"end":{"line":13,"column":46}}],"line":13},"6":{"loc":{"start":{"line":15,"column":6},"end":{"line":15,"column":null}},"type":"if","locations":[{"start":{"line":15,"column":6},"end":{"line":15,"column":null}},{"start":{},"end":{}}],"line":15},"7":{"loc":{"start":{"line":16,"column":6},"end":{"line":16,"column":null}},"type":"if","locations":[{"start":{"line":16,"column":6},"end":{"line":16,"column":null}},{"start":{},"end":{}}],"line":16},"8":{"loc":{"start":{"line":17,"column":6},"end":{"line":17,"column":null}},"type":"if","locations":[{"start":{"line":17,"column":6},"end":{"line":17,"column":null}},{"start":{},"end":{}}],"line":17},"9":{"loc":{"start":{"line":36,"column":2},"end":{"line":36,"column":null}},"type":"if","locations":[{"start":{"line":36,"column":2},"end":{"line":36,"column":null}},{"start":{},"end":{}}],"line":36},"10":{"loc":{"start":{"line":40,"column":17},"end":{"line":40,"column":null}},"type":"cond-expr","locations":[{"start":{"line":40,"column":36},"end":{"line":40,"column":59}},{"start":{"line":40,"column":62},"end":{"line":40,"column":null}}],"line":40},"11":{"loc":{"start":{"line":43,"column":2},"end":{"line":50,"column":null}},"type":"if","locations":[{"start":{"line":43,"column":2},"end":{"line":50,"column":null}},{"start":{},"end":{}}],"line":43},"12":{"loc":{"start":{"line":45,"column":16},"end":{"line":45,"column":null}},"type":"cond-expr","locations":[{"start":{"line":45,"column":25},"end":{"line":45,"column":48}},{"start":{"line":45,"column":48},"end":{"line":45,"column":null}}],"line":45},"13":{"loc":{"start":{"line":47,"column":4},"end":{"line":47,"column":null}},"type":"if","locations":[{"start":{"line":47,"column":4},"end":{"line":47,"column":null}},{"start":{},"end":{}}],"line":47},"14":{"loc":{"start":{"line":47,"column":8},"end":{"line":47,"column":33}},"type":"binary-expr","locations":[{"start":{"line":47,"column":8},"end":{"line":47,"column":23}},{"start":{"line":47,"column":23},"end":{"line":47,"column":33}}],"line":47},"15":{"loc":{"start":{"line":48,"column":4},"end":{"line":48,"column":null}},"type":"if","locations":[{"start":{"line":48,"column":4},"end":{"line":48,"column":null}},{"start":{},"end":{}}],"line":48},"16":{"loc":{"start":{"line":48,"column":8},"end":{"line":48,"column":33}},"type":"binary-expr","locations":[{"start":{"line":48,"column":8},"end":{"line":48,"column":23}},{"start":{"line":48,"column":23},"end":{"line":48,"column":33}}],"line":48},"17":{"loc":{"start":{"line":53,"column":2},"end":{"line":57,"column":null}},"type":"if","locations":[{"start":{"line":53,"column":2},"end":{"line":57,"column":null}},{"start":{},"end":{}}],"line":53},"18":{"loc":{"start":{"line":55,"column":16},"end":{"line":55,"column":null}},"type":"cond-expr","locations":[{"start":{"line":55,"column":25},"end":{"line":55,"column":48}},{"start":{"line":55,"column":48},"end":{"line":55,"column":null}}],"line":55},"19":{"loc":{"start":{"line":56,"column":4},"end":{"line":56,"column":null}},"type":"if","locations":[{"start":{"line":56,"column":4},"end":{"line":56,"column":null}},{"start":{},"end":{}}],"line":56},"20":{"loc":{"start":{"line":56,"column":8},"end":{"line":56,"column":50}},"type":"binary-expr","locations":[{"start":{"line":56,"column":8},"end":{"line":56,"column":18}},{"start":{"line":56,"column":18},"end":{"line":56,"column":28}},{"start":{"line":56,"column":28},"end":{"line":56,"column":40}},{"start":{"line":56,"column":40},"end":{"line":56,"column":50}}],"line":56}},"s":{"0":1,"1":36,"2":3,"3":33,"4":33,"5":33,"6":14,"7":12,"8":2,"9":10,"10":3,"11":7,"12":1,"13":6,"14":21,"15":21,"16":21,"17":3,"18":21,"19":1,"20":47,"21":4,"22":43,"23":43,"24":43,"25":47,"26":47,"27":29,"28":29,"29":29,"30":29,"31":15,"32":29,"33":2,"34":29,"35":14,"36":14,"37":12,"38":12,"39":12,"40":8,"41":6},"f":{"0":36,"1":3,"2":47},"b":{"0":[3,33],"1":[36,4],"2":[14,19],"3":[33,15],"4":[12,2],"5":[14,14],"6":[2,10],"7":[3,7],"8":[1,6],"9":[4,43],"10":[9,34],"11":[29,18],"12":[21,8],"13":[15,14],"14":[29,17],"15":[2,27],"16":[29,12],"17":[12,2],"18":[9,3],"19":[8,4],"20":[12,12,9,9]},"meta":{"lastBranch":21,"lastFunction":3,"lastStatement":42,"seen":{"s:5:33:29:Infinity":0,"f:5:33:5:34":0,"b:6:2:6:Infinity:undefined:undefined:undefined:undefined":0,"s:6:2:6:Infinity":1,"b:6:6:6:18:6:18:6:33":1,"s:6:33:6:Infinity":2,"s:8:12:8:Infinity":3,"s:11:22:11:Infinity":4,"b:12:2:20:Infinity:undefined:undefined:undefined:undefined":2,"s:12:2:20:Infinity":5,"b:12:6:12:29:12:29:12:49":3,"b:13:4:19:Infinity:undefined:undefined:undefined:undefined":4,"s:13:4:19:Infinity":6,"b:13:8:13:28:13:28:13:46":5,"b:15:6:15:Infinity:undefined:undefined:undefined:undefined":6,"s:15:6:15:Infinity":7,"s:15:29:15:Infinity":8,"b:16:6:16:Infinity:undefined:undefined:undefined:undefined":7,"s:16:6:16:Infinity":9,"s:16:28:16:Infinity":10,"b:17:6:17:Infinity:undefined:undefined:undefined:undefined":8,"s:17:6:17:Infinity":11,"s:17:30:17:Infinity":12,"s:18:6:18:Infinity":13,"s:23:2:23:Infinity":14,"s:25:2:25:Infinity":15,"s:27:2:27:Infinity":16,"f:27:36:27:41":1,"s:27:41:27:Infinity":17,"s:28:2:28:Infinity":18,"s:35:34:60:Infinity":19,"f:35:34:35:35":2,"b:36:2:36:Infinity:undefined:undefined:undefined:undefined":9,"s:36:2:36:Infinity":20,"s:36:16:36:Infinity":21,"s:37:16:37:Infinity":22,"s:39:16:39:Infinity":23,"s:40:17:40:Infinity":24,"b:40:36:40:59:40:62:40:Infinity":10,"s:42:14:42:Infinity":25,"b:43:2:50:Infinity:undefined:undefined:undefined:undefined":11,"s:43:2:50:Infinity":26,"s:44:12:44:Infinity":27,"s:45:16:45:Infinity":28,"b:45:25:45:48:45:48:45:Infinity":12,"s:46:15:46:Infinity":29,"b:47:4:47:Infinity:undefined:undefined:undefined:undefined":13,"s:47:4:47:Infinity":30,"b:47:8:47:23:47:23:47:33":14,"s:47:33:47:Infinity":31,"b:48:4:48:Infinity:undefined:undefined:undefined:undefined":15,"s:48:4:48:Infinity":32,"b:48:8:48:23:48:23:48:33":16,"s:48:33:48:Infinity":33,"s:49:4:49:Infinity":34,"s:52:14:52:Infinity":35,"b:53:2:57:Infinity:undefined:undefined:undefined:undefined":17,"s:53:2:57:Infinity":36,"s:54:14:54:Infinity":37,"s:55:16:55:Infinity":38,"b:55:25:55:48:55:48:55:Infinity":18,"b:56:4:56:Infinity:undefined:undefined:undefined:undefined":19,"s:56:4:56:Infinity":39,"b:56:8:56:18:56:18:56:28:56:28:56:40:56:40:56:50":20,"s:56:50:56:Infinity":40,"s:59:2:59:Infinity":41}}}
,"/Users/benkulka/source/force-majeure-webapp/src/shared/utils/utils.ts": {"path":"/Users/benkulka/source/force-majeure-webapp/src/shared/utils/utils.ts","statementMap":{"0":{"start":{"line":5,"column":2},"end":{"line":5,"column":null}}},"fnMap":{"0":{"name":"cn","decl":{"start":{"line":4,"column":16},"end":{"line":4,"column":19}},"loc":{"start":{"line":4,"column":42},"end":{"line":6,"column":null}},"line":4}},"branchMap":{},"s":{"0":94},"f":{"0":94},"b":{},"meta":{"lastBranch":0,"lastFunction":1,"lastStatement":1,"seen":{"f:4:16:4:19":0,"s:5:2:5:Infinity":0}}}
}
